<?xml version="1.0" encoding="UTF-8"?>
<testsuites tests="4" failures="0" errors="0" time="2.505521">
	<testsuite tests="4" failures="0" time="2.506000" name="tsu-self/test/integration/smoke" timestamp="2025-11-21T12:12:14+08:00">
		<properties>
			<property name="go.version" value="go1.25.1 darwin/arm64"></property>
		</properties>
		<testcase classname="tsu-self/test/integration/smoke" name="TestAdminLoginAndFetchUser" time="0.250000"></testcase>
		<testcase classname="tsu-self/test/integration/smoke" name="TestGameRegisterLoginAndFetchUser/login-with-username" time="0.200000"></testcase>
		<testcase classname="tsu-self/test/integration/smoke" name="TestGameRegisterLoginAndFetchUser" time="0.200000"></testcase>
		<testcase classname="tsu-self/test/integration/smoke" name="TestTeamSmoke_CreateAndFetchTeam" time="0.220000"></testcase>
	</testsuite>
</testsuites>